[15:36:36] План: {"standalone":100000,"groups":180000,"partsPerGroup":4,"actualTotal":1000000}
[15:36:36] Очистка предыдущих тестовых данных…
[15:36:36] Справочники: объекты, склады, стеллажи, категории…
[15:36:36] Пользователи: 500…
[15:36:36] Пользователей в БД: 500, пароль: user
[15:36:36] Материалы: ~1000000 (одиночных 100000, групп 180000, частей/группа 4)…
[15:36:38]   одиночные: 50000
[15:36:39]   одиночные: 100000
[15:36:41]   группы: 10000/180000, строк: 150000
[15:36:42]   группы: 20000/180000, строк: 200000
[15:36:44]   группы: 30000/180000, строк: 250000
[15:36:45]   группы: 40000/180000, строк: 300000
[15:36:47]   группы: 50000/180000, строк: 350000
[15:36:48]   группы: 60000/180000, строк: 400000
[15:36:50]   группы: 70000/180000, строк: 450000
[15:36:52]   группы: 80000/180000, строк: 500000
[15:36:53]   группы: 90000/180000, строк: 550000
[15:36:56]   группы: 100000/180000, строк: 600000
[15:36:58]   группы: 110000/180000, строк: 650000
[15:37:01]   группы: 120000/180000, строк: 700000
[15:37:03]   группы: 130000/180000, строк: 750000
[15:37:06]   группы: 140000/180000, строк: 800000
[15:37:09]   группы: 150000/180000, строк: 850000
[15:37:12]   группы: 160000/180000, строк: 900000
[15:37:14]   группы: 170000/180000, строк: 950000
[15:37:16]   группы: 180000/180000, строк: 1000000
[15:37:16] Материалы загружены: 1000000 строк
[15:37:16] Частичная выдача материалов + журнал…
[15:37:17]   позиций с остатком: 820000
[15:37:31]   выдача: 50000/820000
[15:37:44]   выдача: 100000/820000
[15:38:04]   выдача: 150000/820000
[15:38:16]   выдача: 200000/820000
[15:38:28]   выдача: 250000/820000
[15:38:38]   выдача: 300000/820000
[15:38:48]   выдача: 350000/820000
[15:39:02]   выдача: 400000/820000
[15:39:10]   выдача: 450000/820000
[15:39:21]   выдача: 500000/820000
[15:39:34]   выдача: 550000/820000
[15:39:46]   выдача: 600000/820000
[15:40:00]   выдача: 650000/820000
[15:40:13]   выдача: 700000/820000
[15:40:23]   выдача: 750000/820000
[15:40:37]   выдача: 800000/820000
[15:40:45] Выдач: 820000, возвратов: 123000
[15:40:46] Готово:
{
  materials: '1000000',
  users: '500',
  issuances: '820000',
  actions: '948000'
}
